<?xml version="1.0" encoding="UTF-8"?>
<testng-results ignored="0" total="4" passed="2" failed="2" skipped="0">
  <reporter-output>
    <line>
      <![CDATA[============== Suite Session Started ============]]>
    </line>
    <line>
      <![CDATA[============= Browser Session Started =============]]>
    </line>
    <line>
      <![CDATA[========== Application Started ==========]]>
    </line>
    <line>
      <![CDATA[============= Browser Session End =============]]>
    </line>
    <line>
      <![CDATA[============= Browser Session Started =============]]>
    </line>
    <line>
      <![CDATA[========== Application Started ==========]]>
    </line>
    <line>
      <![CDATA[============= Browser Session End =============]]>
    </line>
    <line>
      <![CDATA[============= Browser Session Started =============]]>
    </line>
    <line>
      <![CDATA[========== Application Started ==========]]>
    </line>
    <line>
      <![CDATA[============= Browser Session End =============]]>
    </line>
    <line>
      <![CDATA[============= Browser Session Started =============]]>
    </line>
    <line>
      <![CDATA[========== Application Started ==========]]>
    </line>
    <line>
      <![CDATA[============= Browser Session End =============]]>
    </line>
  </reporter-output>
  <suite started-at="2023-06-08T15:24:54 IST" name="Suite" finished-at="2023-06-08T15:26:41 IST" duration-ms="107646">
    <groups>
    </groups>
    <test started-at="2023-06-08T15:24:54 IST" name="Test" finished-at="2023-06-08T15:26:41 IST" duration-ms="107646">
      <class name="assignment.test.Login_test">
        <test-method is-config="true" signature="suitrun()[pri:0, instance:assignment.test.Login_test@35aea049]" started-at="2023-06-08T15:24:54 IST" name="suitrun" finished-at="2023-06-08T15:24:54 IST" duration-ms="5" status="PASS">
          <reporter-output>
            <line>
              <![CDATA[============== Suite Session Started ============]]>
            </line>
          </reporter-output>
        </test-method> <!-- suitrun -->
        <test-method is-config="true" signature="setupApplication()[pri:0, instance:assignment.test.Login_test@35aea049]" started-at="2023-06-08T15:24:54 IST" name="setupApplication" finished-at="2023-06-08T15:24:56 IST" duration-ms="2282" status="PASS">
          <reporter-output>
            <line>
              <![CDATA[============= Browser Session Started =============]]>
            </line>
            <line>
              <![CDATA[========== Application Started ==========]]>
            </line>
          </reporter-output>
        </test-method> <!-- setupApplication -->
        <test-method signature="Assign_Assessment_or_plan(java.lang.String, java.lang.String)[pri:0, instance:assignment.test.Login_test@35aea049]" started-at="2023-06-08T15:24:56 IST" name="Assign_Assessment_or_plan" data-provider="data" finished-at="2023-06-08T15:25:17 IST" duration-ms="20504" status="PASS">
          <params>
            <param index="0">
              <value>
                <![CDATA[admin]]>
              </value>
            </param>
            <param index="1">
              <value>
                <![CDATA[admin]]>
              </value>
            </param>
          </params>
          <reporter-output>
          </reporter-output>
        </test-method> <!-- Assign_Assessment_or_plan -->
        <test-method is-config="true" signature="closeApplication()[pri:0, instance:assignment.test.Login_test@35aea049]" started-at="2023-06-08T15:25:17 IST" name="closeApplication" finished-at="2023-06-08T15:25:17 IST" duration-ms="0" status="PASS">
          <reporter-output>
            <line>
              <![CDATA[============= Browser Session End =============]]>
            </line>
          </reporter-output>
        </test-method> <!-- closeApplication -->
        <test-method is-config="true" signature="setupApplication()[pri:0, instance:assignment.test.Login_test@35aea049]" started-at="2023-06-08T15:25:17 IST" name="setupApplication" finished-at="2023-06-08T15:25:18 IST" duration-ms="1266" status="PASS">
          <reporter-output>
            <line>
              <![CDATA[============= Browser Session Started =============]]>
            </line>
            <line>
              <![CDATA[========== Application Started ==========]]>
            </line>
          </reporter-output>
        </test-method> <!-- setupApplication -->
        <test-method signature="Assign_Assessment_or_plan(java.lang.String, java.lang.String)[pri:0, instance:assignment.test.Login_test@35aea049]" started-at="2023-06-08T15:25:18 IST" name="Assign_Assessment_or_plan" data-provider="data" finished-at="2023-06-08T15:25:59 IST" duration-ms="40234" status="FAIL">
          <params>
            <param index="0">
              <value>
                <![CDATA[]]>
              </value>
            </param>
            <param index="1">
              <value>
                <![CDATA[admin]]>
              </value>
            </param>
          </params>
          <exception class="org.openqa.selenium.NoSuchElementException">
            <message>
              <![CDATA[no such element: Unable to locate element: {"method":"xpath","selector":"//a[@id='showExpensesChart']"}
  (Session info: chrome=114.0.5735.110)
For documentation on this error, please visit: https://selenium.dev/exceptions/#no_such_element
Build info: version: '4.8.3', revision: 'e5e76298c3'
System info: os.name: 'Windows 11', os.arch: 'amd64', os.version: '10.0', java.version: '19.0.1'
Driver info: org.openqa.selenium.chrome.ChromeDriver
Command: [45c61249be86315f9cd631efef61eece, findElement {using=xpath, value=//a[@id='showExpensesChart']}]
Capabilities {acceptInsecureCerts: false, browserName: chrome, browserVersion: 114.0.5735.110, chrome: {chromedriverVersion: 114.0.5735.90 (386bc09e8f4f..., userDataDir: C:\Users\adity\AppData\Loca...}, goog:chromeOptions: {debuggerAddress: localhost:52698}, networkConnectionEnabled: false, pageLoadStrategy: normal, platformName: WINDOWS, proxy: Proxy(), se:cdp: ws://localhost:52698/devtoo..., se:cdpVersion: 114.0.5735.110, setWindowRect: true, strictFileInteractability: false, timeouts: {implicit: 0, pageLoad: 300000, script: 30000}, unhandledPromptBehavior: dismiss and notify, webauthn:extension:credBlob: true, webauthn:extension:largeBlob: true, webauthn:extension:minPinLength: true, webauthn:extension:prf: true, webauthn:virtualAuthenticators: true}
Session ID: 45c61249be86315f9cd631efef61eece]]>
            </message>
            <full-stacktrace>
              <![CDATA[org.openqa.selenium.NoSuchElementException: no such element: Unable to locate element: {"method":"xpath","selector":"//a[@id='showExpensesChart']"}
  (Session info: chrome=114.0.5735.110)
For documentation on this error, please visit: https://selenium.dev/exceptions/#no_such_element
Build info: version: '4.8.3', revision: 'e5e76298c3'
System info: os.name: 'Windows 11', os.arch: 'amd64', os.version: '10.0', java.version: '19.0.1'
Driver info: org.openqa.selenium.chrome.ChromeDriver
Command: [45c61249be86315f9cd631efef61eece, findElement {using=xpath, value=//a[@id='showExpensesChart']}]
Capabilities {acceptInsecureCerts: false, browserName: chrome, browserVersion: 114.0.5735.110, chrome: {chromedriverVersion: 114.0.5735.90 (386bc09e8f4f..., userDataDir: C:\Users\adity\AppData\Loca...}, goog:chromeOptions: {debuggerAddress: localhost:52698}, networkConnectionEnabled: false, pageLoadStrategy: normal, platformName: WINDOWS, proxy: Proxy(), se:cdp: ws://localhost:52698/devtoo..., se:cdpVersion: 114.0.5735.110, setWindowRect: true, strictFileInteractability: false, timeouts: {implicit: 0, pageLoad: 300000, script: 30000}, unhandledPromptBehavior: dismiss and notify, webauthn:extension:credBlob: true, webauthn:extension:largeBlob: true, webauthn:extension:minPinLength: true, webauthn:extension:prf: true, webauthn:virtualAuthenticators: true}
Session ID: 45c61249be86315f9cd631efef61eece
at java.base/jdk.internal.reflect.DirectConstructorHandleAccessor.newInstance(DirectConstructorHandleAccessor.java:67)
at java.base/java.lang.reflect.Constructor.newInstanceWithCaller(Constructor.java:500)
at java.base/java.lang.reflect.Constructor.newInstance(Constructor.java:484)
at org.openqa.selenium.remote.codec.w3c.W3CHttpResponseCodec.createException(W3CHttpResponseCodec.java:200)
at org.openqa.selenium.remote.codec.w3c.W3CHttpResponseCodec.decode(W3CHttpResponseCodec.java:133)
at org.openqa.selenium.remote.codec.w3c.W3CHttpResponseCodec.decode(W3CHttpResponseCodec.java:53)
at org.openqa.selenium.remote.HttpCommandExecutor.execute(HttpCommandExecutor.java:193)
at org.openqa.selenium.remote.service.DriverCommandExecutor.invokeExecute(DriverCommandExecutor.java:183)
at org.openqa.selenium.remote.service.DriverCommandExecutor.execute(DriverCommandExecutor.java:158)
at org.openqa.selenium.remote.RemoteWebDriver.execute(RemoteWebDriver.java:543)
at org.openqa.selenium.remote.ElementLocation$ElementFinder$2.findElement(ElementLocation.java:162)
at org.openqa.selenium.remote.ElementLocation.findElement(ElementLocation.java:60)
at org.openqa.selenium.remote.RemoteWebDriver.findElement(RemoteWebDriver.java:352)
at org.openqa.selenium.remote.RemoteWebDriver.findElement(RemoteWebDriver.java:344)
at org.openqa.selenium.support.pagefactory.DefaultElementLocator.findElement(DefaultElementLocator.java:70)
at org.openqa.selenium.support.pagefactory.internal.LocatingElementHandler.invoke(LocatingElementHandler.java:39)
at jdk.proxy2/jdk.proxy2.$Proxy19.getText(Unknown Source)
at assignment.pages.LogIn_Page.click_login(LogIn_Page.java:61)
at assignment.test.Login_test.Assign_Assessment_or_plan(Login_test.java:28)
at java.base/jdk.internal.reflect.DirectMethodHandleAccessor.invoke(DirectMethodHandleAccessor.java:104)
at java.base/java.lang.reflect.Method.invoke(Method.java:578)
at org.testng.internal.MethodInvocationHelper.invokeMethod(MethodInvocationHelper.java:132)
at org.testng.internal.TestInvoker.invokeMethod(TestInvoker.java:599)
at org.testng.internal.TestInvoker.invokeTestMethod(TestInvoker.java:174)
at org.testng.internal.MethodRunner.runInSequence(MethodRunner.java:46)
at org.testng.internal.TestInvoker$MethodInvocationAgent.invoke(TestInvoker.java:822)
at org.testng.internal.TestInvoker.invokeTestMethods(TestInvoker.java:147)
at org.testng.internal.TestMethodWorker.invokeTestMethods(TestMethodWorker.java:146)
at org.testng.internal.TestMethodWorker.run(TestMethodWorker.java:128)
at java.base/java.util.ArrayList.forEach(ArrayList.java:1511)
at org.testng.TestRunner.privateRun(TestRunner.java:764)
at org.testng.TestRunner.run(TestRunner.java:585)
at org.testng.SuiteRunner.runTest(SuiteRunner.java:384)
at org.testng.SuiteRunner.runSequentially(SuiteRunner.java:378)
at org.testng.SuiteRunner.privateRun(SuiteRunner.java:337)
at org.testng.SuiteRunner.run(SuiteRunner.java:286)
at org.testng.SuiteRunnerWorker.runSuite(SuiteRunnerWorker.java:53)
at org.testng.SuiteRunnerWorker.run(SuiteRunnerWorker.java:96)
at org.testng.TestNG.runSuitesSequentially(TestNG.java:1218)
at org.testng.TestNG.runSuitesLocally(TestNG.java:1140)
at org.testng.TestNG.runSuites(TestNG.java:1069)
at org.testng.TestNG.run(TestNG.java:1037)
at org.testng.remote.AbstractRemoteTestNG.run(AbstractRemoteTestNG.java:115)
at org.testng.remote.RemoteTestNG.initAndRun(RemoteTestNG.java:251)
at org.testng.remote.RemoteTestNG.main(RemoteTestNG.java:77)
]]>
            </full-stacktrace>
          </exception> <!-- org.openqa.selenium.NoSuchElementException -->
          <reporter-output>
          </reporter-output>
        </test-method> <!-- Assign_Assessment_or_plan -->
        <test-method is-config="true" signature="closeApplication()[pri:0, instance:assignment.test.Login_test@35aea049]" started-at="2023-06-08T15:25:59 IST" name="closeApplication" finished-at="2023-06-08T15:25:59 IST" duration-ms="0" status="PASS">
          <reporter-output>
            <line>
              <![CDATA[============= Browser Session End =============]]>
            </line>
          </reporter-output>
        </test-method> <!-- closeApplication -->
        <test-method is-config="true" signature="setupApplication()[pri:0, instance:assignment.test.Login_test@35aea049]" started-at="2023-06-08T15:25:59 IST" name="setupApplication" finished-at="2023-06-08T15:26:00 IST" duration-ms="1289" status="PASS">
          <reporter-output>
            <line>
              <![CDATA[============= Browser Session Started =============]]>
            </line>
            <line>
              <![CDATA[========== Application Started ==========]]>
            </line>
          </reporter-output>
        </test-method> <!-- setupApplication -->
        <test-method signature="Assign_Assessment_or_plan(java.lang.String, java.lang.String)[pri:0, instance:assignment.test.Login_test@35aea049]" started-at="2023-06-08T15:26:00 IST" name="Assign_Assessment_or_plan" data-provider="data" finished-at="2023-06-08T15:26:40 IST" duration-ms="40225" status="FAIL">
          <params>
            <param index="0">
              <value>
                <![CDATA[admin]]>
              </value>
            </param>
            <param index="1">
              <value>
                <![CDATA[]]>
              </value>
            </param>
          </params>
          <exception class="org.openqa.selenium.NoSuchElementException">
            <message>
              <![CDATA[no such element: Unable to locate element: {"method":"xpath","selector":"//a[@id='showExpensesChart']"}
  (Session info: chrome=114.0.5735.110)
For documentation on this error, please visit: https://selenium.dev/exceptions/#no_such_element
Build info: version: '4.8.3', revision: 'e5e76298c3'
System info: os.name: 'Windows 11', os.arch: 'amd64', os.version: '10.0', java.version: '19.0.1'
Driver info: org.openqa.selenium.chrome.ChromeDriver
Command: [d0a04b30f49cc7c46d599671ad9a1877, findElement {using=xpath, value=//a[@id='showExpensesChart']}]
Capabilities {acceptInsecureCerts: false, browserName: chrome, browserVersion: 114.0.5735.110, chrome: {chromedriverVersion: 114.0.5735.90 (386bc09e8f4f..., userDataDir: C:\Users\adity\AppData\Loca...}, goog:chromeOptions: {debuggerAddress: localhost:52740}, networkConnectionEnabled: false, pageLoadStrategy: normal, platformName: WINDOWS, proxy: Proxy(), se:cdp: ws://localhost:52740/devtoo..., se:cdpVersion: 114.0.5735.110, setWindowRect: true, strictFileInteractability: false, timeouts: {implicit: 0, pageLoad: 300000, script: 30000}, unhandledPromptBehavior: dismiss and notify, webauthn:extension:credBlob: true, webauthn:extension:largeBlob: true, webauthn:extension:minPinLength: true, webauthn:extension:prf: true, webauthn:virtualAuthenticators: true}
Session ID: d0a04b30f49cc7c46d599671ad9a1877]]>
            </message>
            <full-stacktrace>
              <![CDATA[org.openqa.selenium.NoSuchElementException: no such element: Unable to locate element: {"method":"xpath","selector":"//a[@id='showExpensesChart']"}
  (Session info: chrome=114.0.5735.110)
For documentation on this error, please visit: https://selenium.dev/exceptions/#no_such_element
Build info: version: '4.8.3', revision: 'e5e76298c3'
System info: os.name: 'Windows 11', os.arch: 'amd64', os.version: '10.0', java.version: '19.0.1'
Driver info: org.openqa.selenium.chrome.ChromeDriver
Command: [d0a04b30f49cc7c46d599671ad9a1877, findElement {using=xpath, value=//a[@id='showExpensesChart']}]
Capabilities {acceptInsecureCerts: false, browserName: chrome, browserVersion: 114.0.5735.110, chrome: {chromedriverVersion: 114.0.5735.90 (386bc09e8f4f..., userDataDir: C:\Users\adity\AppData\Loca...}, goog:chromeOptions: {debuggerAddress: localhost:52740}, networkConnectionEnabled: false, pageLoadStrategy: normal, platformName: WINDOWS, proxy: Proxy(), se:cdp: ws://localhost:52740/devtoo..., se:cdpVersion: 114.0.5735.110, setWindowRect: true, strictFileInteractability: false, timeouts: {implicit: 0, pageLoad: 300000, script: 30000}, unhandledPromptBehavior: dismiss and notify, webauthn:extension:credBlob: true, webauthn:extension:largeBlob: true, webauthn:extension:minPinLength: true, webauthn:extension:prf: true, webauthn:virtualAuthenticators: true}
Session ID: d0a04b30f49cc7c46d599671ad9a1877
at java.base/jdk.internal.reflect.DirectConstructorHandleAccessor.newInstance(DirectConstructorHandleAccessor.java:67)
at java.base/java.lang.reflect.Constructor.newInstanceWithCaller(Constructor.java:500)
at java.base/java.lang.reflect.Constructor.newInstance(Constructor.java:484)
at org.openqa.selenium.remote.codec.w3c.W3CHttpResponseCodec.createException(W3CHttpResponseCodec.java:200)
at org.openqa.selenium.remote.codec.w3c.W3CHttpResponseCodec.decode(W3CHttpResponseCodec.java:133)
at org.openqa.selenium.remote.codec.w3c.W3CHttpResponseCodec.decode(W3CHttpResponseCodec.java:53)
at org.openqa.selenium.remote.HttpCommandExecutor.execute(HttpCommandExecutor.java:193)
at org.openqa.selenium.remote.service.DriverCommandExecutor.invokeExecute(DriverCommandExecutor.java:183)
at org.openqa.selenium.remote.service.DriverCommandExecutor.execute(DriverCommandExecutor.java:158)
at org.openqa.selenium.remote.RemoteWebDriver.execute(RemoteWebDriver.java:543)
at org.openqa.selenium.remote.ElementLocation$ElementFinder$2.findElement(ElementLocation.java:162)
at org.openqa.selenium.remote.ElementLocation.findElement(ElementLocation.java:60)
at org.openqa.selenium.remote.RemoteWebDriver.findElement(RemoteWebDriver.java:352)
at org.openqa.selenium.remote.RemoteWebDriver.findElement(RemoteWebDriver.java:344)
at org.openqa.selenium.support.pagefactory.DefaultElementLocator.findElement(DefaultElementLocator.java:70)
at org.openqa.selenium.support.pagefactory.internal.LocatingElementHandler.invoke(LocatingElementHandler.java:39)
at jdk.proxy2/jdk.proxy2.$Proxy19.getText(Unknown Source)
at assignment.pages.LogIn_Page.click_login(LogIn_Page.java:61)
at assignment.test.Login_test.Assign_Assessment_or_plan(Login_test.java:28)
at java.base/jdk.internal.reflect.DirectMethodHandleAccessor.invoke(DirectMethodHandleAccessor.java:104)
at java.base/java.lang.reflect.Method.invoke(Method.java:578)
at org.testng.internal.MethodInvocationHelper.invokeMethod(MethodInvocationHelper.java:132)
at org.testng.internal.TestInvoker.invokeMethod(TestInvoker.java:599)
at org.testng.internal.TestInvoker.invokeTestMethod(TestInvoker.java:174)
at org.testng.internal.MethodRunner.runInSequence(MethodRunner.java:46)
at org.testng.internal.TestInvoker$MethodInvocationAgent.invoke(TestInvoker.java:822)
at org.testng.internal.TestInvoker.invokeTestMethods(TestInvoker.java:147)
at org.testng.internal.TestMethodWorker.invokeTestMethods(TestMethodWorker.java:146)
at org.testng.internal.TestMethodWorker.run(TestMethodWorker.java:128)
at java.base/java.util.ArrayList.forEach(ArrayList.java:1511)
at org.testng.TestRunner.privateRun(TestRunner.java:764)
at org.testng.TestRunner.run(TestRunner.java:585)
at org.testng.SuiteRunner.runTest(SuiteRunner.java:384)
at org.testng.SuiteRunner.runSequentially(SuiteRunner.java:378)
at org.testng.SuiteRunner.privateRun(SuiteRunner.java:337)
at org.testng.SuiteRunner.run(SuiteRunner.java:286)
at org.testng.SuiteRunnerWorker.runSuite(SuiteRunnerWorker.java:53)
at org.testng.SuiteRunnerWorker.run(SuiteRunnerWorker.java:96)
at org.testng.TestNG.runSuitesSequentially(TestNG.java:1218)
at org.testng.TestNG.runSuitesLocally(TestNG.java:1140)
at org.testng.TestNG.runSuites(TestNG.java:1069)
at org.testng.TestNG.run(TestNG.java:1037)
at org.testng.remote.AbstractRemoteTestNG.run(AbstractRemoteTestNG.java:115)
at org.testng.remote.RemoteTestNG.initAndRun(RemoteTestNG.java:251)
at org.testng.remote.RemoteTestNG.main(RemoteTestNG.java:77)
]]>
            </full-stacktrace>
          </exception> <!-- org.openqa.selenium.NoSuchElementException -->
          <reporter-output>
          </reporter-output>
        </test-method> <!-- Assign_Assessment_or_plan -->
        <test-method is-config="true" signature="closeApplication()[pri:0, instance:assignment.test.Login_test@35aea049]" started-at="2023-06-08T15:26:40 IST" name="closeApplication" finished-at="2023-06-08T15:26:40 IST" duration-ms="1" status="PASS">
          <reporter-output>
            <line>
              <![CDATA[============= Browser Session End =============]]>
            </line>
          </reporter-output>
        </test-method> <!-- closeApplication -->
        <test-method is-config="true" signature="setupApplication()[pri:0, instance:assignment.test.Login_test@35aea049]" started-at="2023-06-08T15:26:40 IST" name="setupApplication" finished-at="2023-06-08T15:26:41 IST" duration-ms="1239" status="PASS">
          <reporter-output>
            <line>
              <![CDATA[============= Browser Session Started =============]]>
            </line>
            <line>
              <![CDATA[========== Application Started ==========]]>
            </line>
          </reporter-output>
        </test-method> <!-- setupApplication -->
        <test-method signature="Assign_Assessment_or_plan(java.lang.String, java.lang.String)[pri:0, instance:assignment.test.Login_test@35aea049]" started-at="2023-06-08T15:26:41 IST" name="Assign_Assessment_or_plan" data-provider="data" finished-at="2023-06-08T15:26:41 IST" duration-ms="138" status="PASS">
          <params>
            <param index="0">
              <value>
                <![CDATA[]]>
              </value>
            </param>
            <param index="1">
              <value>
                <![CDATA[]]>
              </value>
            </param>
          </params>
          <reporter-output>
          </reporter-output>
        </test-method> <!-- Assign_Assessment_or_plan -->
        <test-method is-config="true" signature="closeApplication()[pri:0, instance:assignment.test.Login_test@35aea049]" started-at="2023-06-08T15:26:41 IST" name="closeApplication" finished-at="2023-06-08T15:26:41 IST" duration-ms="0" status="PASS">
          <reporter-output>
            <line>
              <![CDATA[============= Browser Session End =============]]>
            </line>
          </reporter-output>
        </test-method> <!-- closeApplication -->
        <test-method is-config="true" signature="suitend()[pri:0, instance:assignment.test.Login_test@35aea049]" started-at="2023-06-08T15:26:41 IST" name="suitend" finished-at="2023-06-08T15:26:42 IST" duration-ms="147" status="PASS">
          <reporter-output>
          </reporter-output>
        </test-method> <!-- suitend -->
      </class> <!-- assignment.test.Login_test -->
    </test> <!-- Test -->
  </suite> <!-- Suite -->
</testng-results>
